99 Bottles of beer on the wall
99 Bottles of beer
Take one down and pass it around
98 Bottles of beer on the wall

98 Bottles of beer on the wall
98 Bottles of beer
Take one down and pass it around
97 Bottles of beer on the wall

97 Bottles of beer on the wall
97 Bottles of beer
Take one down and pass it around
96 Bottles of beer on the wall

96 Bottles of beer on the wall
96 Bottles of beer
Take one down and pass it around
95 Bottles of beer on the wall

95 Bottles of beer on the wall
95 Bottles of beer
Take one down and pass it around
94 Bottles of beer on the wall

94 Bottles of beer on the wall
94 Bottles of beer
Take one down and pass it around
93 Bottles of beer on the wall

93 Bottles of beer on the wall
93 Bottles of beer
Take one down and pass it around
92 Bottles of beer on the wall

92 Bottles of beer on the wall
92 Bottles of beer
Take one down and pass it around
91 Bottles of beer on the wall

91 Bottles of beer on the wall
91 Bottles of beer
Take one down and pass it around
90 Bottles of beer on the wall

90 Bottles of beer on the wall
90 Bottles of beer
Take one down and pass it around
89 Bottles of beer on the wall

89 Bottles of beer on the wall
89 Bottles of beer
Take one down and pass it around
88 Bottles of beer on the wall

88 Bottles of beer on the wall
88 Bottles of beer
Take one down and pass it around
87 Bottles of beer on the wall

87 Bottles of beer on the wall
87 Bottles of beer
Take one down and pass it around
86 Bottles of beer on the wall

86 Bottles of beer on the wall
86 Bottles of beer
Take one down and pass it around
85 Bottles of beer on the wall

85 Bottles of beer on the wall
85 Bottles of beer
Take one down and pass it around
84 Bottles of beer on the wall

84 Bottles of beer on the wall
84 Bottles of beer
Take one down and pass it around
83 Bottles of beer on the wall

83 Bottles of beer on the wall
83 Bottles of beer
Take one down and pass it around
82 Bottles of beer on the wall

82 Bottles of beer on the wall
82 Bottles of beer
Take one down and pass it around
81 Bottles of beer on the wall

81 Bottles of beer on the wall
81 Bottles of beer
Take one down and pass it around
80 Bottles of beer on the wall

80 Bottles of beer on the wall
80 Bottles of beer
Take one down and pass it around
79 Bottles of beer on the wall

79 Bottles of beer on the wall
79 Bottles of beer
Take one down and pass it around
78 Bottles of beer on the wall

78 Bottles of beer on the wall
78 Bottles of beer
Take one down and pass it around
77 Bottles of beer on the wall

77 Bottles of beer on the wall
77 Bottles of beer
Take one down and pass it around
76 Bottles of beer on the wall

76 Bottles of beer on the wall
76 Bottles of beer
Take one down and pass it around
75 Bottles of beer on the wall

75 Bottles of beer on the wall
75 Bottles of beer
Take one down and pass it around
74 Bottles of beer on the wall

74 Bottles of beer on the wall
74 Bottles of beer
Take one down and pass it around
73 Bottles of beer on the wall

73 Bottles of beer on the wall
73 Bottles of beer
Take one down and pass it around
72 Bottles of beer on the wall

72 Bottles of beer on the wall
72 Bottles of beer
Take one down and pass it around
71 Bottles of beer on the wall

71 Bottles of beer on the wall
71 Bottles of beer
Take one down and pass it around
70 Bottles of beer on the wall

70 Bottles of beer on the wall
70 Bottles of beer
Take one down and pass it around
69 Bottles of beer on the wall

69 Bottles of beer on the wall
69 Bottles of beer
Take one down and pass it around
68 Bottles of beer on the wall

68 Bottles of beer on the wall
68 Bottles of beer
Take one down and pass it around
67 Bottles of beer on the wall

67 Bottles of beer on the wall
67 Bottles of beer
Take one down and pass it around
66 Bottles of beer on the wall

66 Bottles of beer on the wall
66 Bottles of beer
Take one down and pass it around
65 Bottles of beer on the wall

65 Bottles of beer on the wall
65 Bottles of beer
Take one down and pass it around
64 Bottles of beer on the wall

64 Bottles of beer on the wall
64 Bottles of beer
Take one down and pass it around
63 Bottles of beer on the wall

63 Bottles of beer on the wall
63 Bottles of beer
Take one down and pass it around
62 Bottles of beer on the wall

62 Bottles of beer on the wall
62 Bottles of beer
Take one down and pass it around
61 Bottles of beer on the wall

61 Bottles of beer on the wall
61 Bottles of beer
Take one down and pass it around
60 Bottles of beer on the wall

60 Bottles of beer on the wall
60 Bottles of beer
Take one down and pass it around
59 Bottles of beer on the wall

59 Bottles of beer on the wall
59 Bottles of beer
Take one down and pass it around
58 Bottles of beer on the wall

58 Bottles of beer on the wall
58 Bottles of beer
Take one down and pass it around
57 Bottles of beer on the wall

57 Bottles of beer on the wall
57 Bottles of beer
Take one down and pass it around
56 Bottles of beer on the wall

56 Bottles of beer on the wall
56 Bottles of beer
Take one down and pass it around
55 Bottles of beer on the wall

55 Bottles of beer on the wall
55 Bottles of beer
Take one down and pass it around
54 Bottles of beer on the wall

54 Bottles of beer on the wall
54 Bottles of beer
Take one down and pass it around
53 Bottles of beer on the wall

53 Bottles of beer on the wall
53 Bottles of beer
Take one down and pass it around
52 Bottles of beer on the wall

52 Bottles of beer on the wall
52 Bottles of beer
Take one down and pass it around
51 Bottles of beer on the wall

51 Bottles of beer on the wall
51 Bottles of beer
Take one down and pass it around
50 Bottles of beer on the wall

50 Bottles of beer on the wall
50 Bottles of beer
Take one down and pass it around
49 Bottles of beer on the wall

49 Bottles of beer on the wall
49 Bottles of beer
Take one down and pass it around
48 Bottles of beer on the wall

48 Bottles of beer on the wall
48 Bottles of beer
Take one down and pass it around
47 Bottles of beer on the wall

47 Bottles of beer on the wall
47 Bottles of beer
Take one down and pass it around
46 Bottles of beer on the wall

46 Bottles of beer on the wall
46 Bottles of beer
Take one down and pass it around
45 Bottles of beer on the wall

45 Bottles of beer on the wall
45 Bottles of beer
Take one down and pass it around
44 Bottles of beer on the wall

44 Bottles of beer on the wall
44 Bottles of beer
Take one down and pass it around
43 Bottles of beer on the wall

43 Bottles of beer on the wall
43 Bottles of beer
Take one down and pass it around
42 Bottles of beer on the wall

42 Bottles of beer on the wall
42 Bottles of beer
Take one down and pass it around
41 Bottles of beer on the wall

41 Bottles of beer on the wall
41 Bottles of beer
Take one down and pass it around
40 Bottles of beer on the wall

40 Bottles of beer on the wall
40 Bottles of beer
Take one down and pass it around
39 Bottles of beer on the wall

39 Bottles of beer on the wall
39 Bottles of beer
Take one down and pass it around
38 Bottles of beer on the wall

38 Bottles of beer on the wall
38 Bottles of beer
Take one down and pass it around
37 Bottles of beer on the wall

37 Bottles of beer on the wall
37 Bottles of beer
Take one down and pass it around
36 Bottles of beer on the wall

36 Bottles of beer on the wall
36 Bottles of beer
Take one down and pass it around
35 Bottles of beer on the wall

35 Bottles of beer on the wall
35 Bottles of beer
Take one down and pass it around
34 Bottles of beer on the wall

34 Bottles of beer on the wall
34 Bottles of beer
Take one down and pass it around
33 Bottles of beer on the wall

33 Bottles of beer on the wall
33 Bottles of beer
Take one down and pass it around
32 Bottles of beer on the wall

32 Bottles of beer on the wall
32 Bottles of beer
Take one down and pass it around
31 Bottles of beer on the wall

31 Bottles of beer on the wall
31 Bottles of beer
Take one down and pass it around
30 Bottles of beer on the wall

30 Bottles of beer on the wall
30 Bottles of beer
Take one down and pass it around
29 Bottles of beer on the wall

29 Bottles of beer on the wall
29 Bottles of beer
Take one down and pass it around
28 Bottles of beer on the wall

28 Bottles of beer on the wall
28 Bottles of beer
Take one down and pass it around
27 Bottles of beer on the wall

27 Bottles of beer on the wall
27 Bottles of beer
Take one down and pass it around
26 Bottles of beer on the wall

26 Bottles of beer on the wall
26 Bottles of beer
Take one down and pass it around
25 Bottles of beer on the wall

25 Bottles of beer on the wall
25 Bottles of beer
Take one down and pass it around
24 Bottles of beer on the wall

24 Bottles of beer on the wall
24 Bottles of beer
Take one down and pass it around
23 Bottles of beer on the wall

23 Bottles of beer on the wall
23 Bottles of beer
Take one down and pass it around
22 Bottles of beer on the wall

22 Bottles of beer on the wall
22 Bottles of beer
Take one down and pass it around
21 Bottles of beer on the wall

21 Bottles of beer on the wall
21 Bottles of beer
Take one down and pass it around
20 Bottles of beer on the wall

20 Bottles of beer on the wall
20 Bottles of beer
Take one down and pass it around
19 Bottles of beer on the wall

19 Bottles of beer on the wall
19 Bottles of beer
Take one down and pass it around
18 Bottles of beer on the wall

18 Bottles of beer on the wall
18 Bottles of beer
Take one down and pass it around
17 Bottles of beer on the wall

17 Bottles of beer on the wall
17 Bottles of beer
Take one down and pass it around
16 Bottles of beer on the wall

16 Bottles of beer on the wall
16 Bottles of beer
Take one down and pass it around
15 Bottles of beer on the wall

15 Bottles of beer on the wall
15 Bottles of beer
Take one down and pass it around
14 Bottles of beer on the wall

14 Bottles of beer on the wall
14 Bottles of beer
Take one down and pass it around
13 Bottles of beer on the wall

13 Bottles of beer on the wall
13 Bottles of beer
Take one down and pass it around
12 Bottles of beer on the wall

12 Bottles of beer on the wall
12 Bottles of beer
Take one down and pass it around
11 Bottles of beer on the wall

11 Bottles of beer on the wall
11 Bottles of beer
Take one down and pass it around
10 Bottles of beer on the wall

10 Bottles of beer on the wall
10 Bottles of beer
Take one down and pass it around
9 Bottles of beer on the wall

9 Bottles of beer on the wall
9 Bottles of beer
Take one down and pass it around
8 Bottles of beer on the wall

8 Bottles of beer on the wall
8 Bottles of beer
Take one down and pass it around
7 Bottles of beer on the wall

7 Bottles of beer on the wall
7 Bottles of beer
Take one down and pass it around
6 Bottles of beer on the wall

6 Bottles of beer on the wall
6 Bottles of beer
Take one down and pass it around
5 Bottles of beer on the wall

5 Bottles of beer on the wall
5 Bottles of beer
Take one down and pass it around
4 Bottles of beer on the wall

4 Bottles of beer on the wall
4 Bottles of beer
Take one down and pass it around
3 Bottles of beer on the wall

3 Bottles of beer on the wall
3 Bottles of beer
Take one down and pass it around
2 Bottles of beer on the wall

2 Bottles of beer on the wall
2 Bottles of beer
Take one down and pass it around
1 Bottle of beer on the wall

1 Bottle of beer on the wall
1 Bottle of beer
Take one down and pass it around
0 Bottles of beer on the wall

