 abcdefghij
a----------
b----------
c----------
d----------
e----------
f----------
g----------
h----------
i----------
j----------
> abcdefghij
a*---------
b----------
c----------
d----------
e----------
f----------
g----------
h----------
i----------
j----------
> abcdefghij
a*---------
b-*--------
c----------
d----------
e----------
f----------
g----------
h----------
i----------
j----------
> abcdefghij
a*---------
b-*--------
c--*-------
d----------
e----------
f----------
g----------
h----------
i----------
j----------
> abcdefghij
a----------
b-*--------
c----------
d----------
e----------
f----------
g----------
h----------
i----------
j----------
>